# Logfile created on Sun Nov 08 23:13:32 -0700 2009 by /
no route found to match "/" with {:method=>:get}
./script/../config/../vendor/rails/actionpack/lib/action_controller/routing.rb:1043:in `recognize_path'
./script/../config/../vendor/rails/actionpack/lib/action_controller/routing.rb:1033:in `recognize'
./script/../config/../vendor/rails/railties/lib/dispatcher.rb:40:in `dispatch'
/System/Library/Frameworks/Ruby.framework/Versions/1.8/usr/lib/ruby/gems/1.8/gems/mongrel-1.1.5/bin/../lib/mongrel/rails.rb:76:in `process'
/System/Library/Frameworks/Ruby.framework/Versions/1.8/usr/lib/ruby/gems/1.8/gems/mongrel-1.1.5/bin/../lib/mongrel/rails.rb:74:in `synchronize'
/System/Library/Frameworks/Ruby.framework/Versions/1.8/usr/lib/ruby/gems/1.8/gems/mongrel-1.1.5/bin/../lib/mongrel/rails.rb:74:in `process'
/System/Library/Frameworks/Ruby.framework/Versions/1.8/usr/lib/ruby/gems/1.8/gems/mongrel-1.1.5/lib/mongrel.rb:159:in `process_client'
/System/Library/Frameworks/Ruby.framework/Versions/1.8/usr/lib/ruby/gems/1.8/gems/mongrel-1.1.5/lib/mongrel.rb:158:in `each'
/System/Library/Frameworks/Ruby.framework/Versions/1.8/usr/lib/ruby/gems/1.8/gems/mongrel-1.1.5/lib/mongrel.rb:158:in `process_client'
/System/Library/Frameworks/Ruby.framework/Versions/1.8/usr/lib/ruby/gems/1.8/gems/mongrel-1.1.5/lib/mongrel.rb:285:in `run'
/System/Library/Frameworks/Ruby.framework/Versions/1.8/usr/lib/ruby/gems/1.8/gems/mongrel-1.1.5/lib/mongrel.rb:285:in `initialize'
/System/Library/Frameworks/Ruby.framework/Versions/1.8/usr/lib/ruby/gems/1.8/gems/mongrel-1.1.5/lib/mongrel.rb:285:in `new'
/System/Library/Frameworks/Ruby.framework/Versions/1.8/usr/lib/ruby/gems/1.8/gems/mongrel-1.1.5/lib/mongrel.rb:285:in `run'
/System/Library/Frameworks/Ruby.framework/Versions/1.8/usr/lib/ruby/gems/1.8/gems/mongrel-1.1.5/lib/mongrel.rb:268:in `initialize'
/System/Library/Frameworks/Ruby.framework/Versions/1.8/usr/lib/ruby/gems/1.8/gems/mongrel-1.1.5/lib/mongrel.rb:268:in `new'
/System/Library/Frameworks/Ruby.framework/Versions/1.8/usr/lib/ruby/gems/1.8/gems/mongrel-1.1.5/lib/mongrel.rb:268:in `run'
/System/Library/Frameworks/Ruby.framework/Versions/1.8/usr/lib/ruby/gems/1.8/gems/mongrel-1.1.5/lib/mongrel/configurator.rb:282:in `run'
/System/Library/Frameworks/Ruby.framework/Versions/1.8/usr/lib/ruby/gems/1.8/gems/mongrel-1.1.5/lib/mongrel/configurator.rb:281:in `each'
/System/Library/Frameworks/Ruby.framework/Versions/1.8/usr/lib/ruby/gems/1.8/gems/mongrel-1.1.5/lib/mongrel/configurator.rb:281:in `run'
/System/Library/Frameworks/Ruby.framework/Versions/1.8/usr/lib/ruby/gems/1.8/gems/mongrel-1.1.5/bin/mongrel_rails:128:in `run'
/System/Library/Frameworks/Ruby.framework/Versions/1.8/usr/lib/ruby/gems/1.8/gems/mongrel-1.1.5/lib/mongrel/command.rb:212:in `run'
/System/Library/Frameworks/Ruby.framework/Versions/1.8/usr/lib/ruby/gems/1.8/gems/mongrel-1.1.5/bin/mongrel_rails:281
./script/../config/../vendor/rails/activesupport/lib/active_support/dependencies.rb:324:in `load'
./script/../config/../vendor/rails/activesupport/lib/active_support/dependencies.rb:324:in `load'
./script/../config/../vendor/rails/railties/lib/commands/servers/mongrel.rb:48
/Library/Ruby/Site/1.8/rubygems/custom_require.rb:31:in `gem_original_require'
/Library/Ruby/Site/1.8/rubygems/custom_require.rb:31:in `require'
./script/../config/../vendor/rails/activesupport/lib/active_support/dependencies.rb:331:in `require'
./script/../config/../vendor/rails/railties/lib/commands/server.rb:39
./script/server:3:in `require'
./script/server:3
Access denied for user 'ebtchef'@'localhost' (using password: YES)
./script/../config/../vendor/rails/activerecord/lib/active_record/connection_adapters/mysql_adapter.rb:335:in `real_connect'
./script/../config/../vendor/rails/activerecord/lib/active_record/connection_adapters/mysql_adapter.rb:335:in `connect'
./script/../config/../vendor/rails/activerecord/lib/active_record/connection_adapters/mysql_adapter.rb:87:in `initialize'
./script/../config/../vendor/rails/activerecord/lib/active_record/connection_adapters/mysql_adapter.rb:36:in `new'
./script/../config/../vendor/rails/activerecord/lib/active_record/connection_adapters/mysql_adapter.rb:36:in `mysql_connection'
./script/../config/../vendor/rails/activerecord/lib/active_record/connection_adapters/abstract/connection_specification.rb:252:in `send'
./script/../config/../vendor/rails/activerecord/lib/active_record/connection_adapters/abstract/connection_specification.rb:252:in `connection_without_query_cache='
./script/../config/../vendor/rails/activerecord/lib/active_record/query_cache.rb:54:in `connection='
./script/../config/../vendor/rails/activerecord/lib/active_record/connection_adapters/abstract/connection_specification.rb:220:in `retrieve_connection'
./script/../config/../vendor/rails/activerecord/lib/active_record/connection_adapters/abstract/connection_specification.rb:78:in `connection'
./script/../config/../vendor/rails/activerecord/lib/active_record/base.rb:750:in `columns'
./script/../config/../vendor/rails/activerecord/lib/active_record/base.rb:758:in `columns_hash'
./script/../config/../vendor/rails/actionpack/lib/action_controller/session/active_record_store.rb:103:in `setup_sessid_compatibility!'
./script/../config/../vendor/rails/actionpack/lib/action_controller/session/active_record_store.rb:77:in `find_by_session_id'
./script/../config/../vendor/rails/actionpack/lib/action_controller/session/active_record_store.rb:281:in `initialize'
./script/../config/../vendor/rails/activerecord/lib/active_record/base.rb:848:in `silence'
./script/../config/../vendor/rails/actionpack/lib/action_controller/session/active_record_store.rb:281:in `initialize'
/System/Library/Frameworks/Ruby.framework/Versions/1.8/usr/lib/ruby/1.8/cgi/session.rb:279:in `new'
/System/Library/Frameworks/Ruby.framework/Versions/1.8/usr/lib/ruby/1.8/cgi/session.rb:279:in `initialize'
./script/../config/../vendor/rails/actionpack/lib/action_controller/cgi_process.rb:112:in `new'
./script/../config/../vendor/rails/actionpack/lib/action_controller/cgi_process.rb:112:in `session'
./script/../config/../vendor/rails/actionpack/lib/action_controller/cgi_process.rb:142:in `stale_session_check!'
./script/../config/../vendor/rails/actionpack/lib/action_controller/cgi_process.rb:108:in `session'
./script/../config/../vendor/rails/actionpack/lib/action_controller/base.rb:937:in `assign_shortcuts_without_flash'
./script/../config/../vendor/rails/actionpack/lib/action_controller/flash.rb:139:in `assign_shortcuts'
./script/../config/../vendor/rails/actionpack/lib/action_controller/base.rb:402:in `process_without_filters'
./script/../config/../vendor/rails/actionpack/lib/action_controller/filters.rb:372:in `process_without_session_management_support'
./script/../config/../vendor/rails/actionpack/lib/action_controller/session_management.rb:114:in `process'
./script/../config/../vendor/rails/actionpack/lib/action_controller/base.rb:319:in `process'
./script/../config/../vendor/rails/railties/lib/dispatcher.rb:41:in `dispatch'
/System/Library/Frameworks/Ruby.framework/Versions/1.8/usr/lib/ruby/gems/1.8/gems/mongrel-1.1.5/bin/../lib/mongrel/rails.rb:76:in `process'
/System/Library/Frameworks/Ruby.framework/Versions/1.8/usr/lib/ruby/gems/1.8/gems/mongrel-1.1.5/bin/../lib/mongrel/rails.rb:74:in `synchronize'
/System/Library/Frameworks/Ruby.framework/Versions/1.8/usr/lib/ruby/gems/1.8/gems/mongrel-1.1.5/bin/../lib/mongrel/rails.rb:74:in `process'
/System/Library/Frameworks/Ruby.framework/Versions/1.8/usr/lib/ruby/gems/1.8/gems/mongrel-1.1.5/lib/mongrel.rb:159:in `process_client'
/System/Library/Frameworks/Ruby.framework/Versions/1.8/usr/lib/ruby/gems/1.8/gems/mongrel-1.1.5/lib/mongrel.rb:158:in `each'
/System/Library/Frameworks/Ruby.framework/Versions/1.8/usr/lib/ruby/gems/1.8/gems/mongrel-1.1.5/lib/mongrel.rb:158:in `process_client'
/System/Library/Frameworks/Ruby.framework/Versions/1.8/usr/lib/ruby/gems/1.8/gems/mongrel-1.1.5/lib/mongrel.rb:285:in `run'
/System/Library/Frameworks/Ruby.framework/Versions/1.8/usr/lib/ruby/gems/1.8/gems/mongrel-1.1.5/lib/mongrel.rb:285:in `initialize'
/System/Library/Frameworks/Ruby.framework/Versions/1.8/usr/lib/ruby/gems/1.8/gems/mongrel-1.1.5/lib/mongrel.rb:285:in `new'
/System/Library/Frameworks/Ruby.framework/Versions/1.8/usr/lib/ruby/gems/1.8/gems/mongrel-1.1.5/lib/mongrel.rb:285:in `run'
/System/Library/Frameworks/Ruby.framework/Versions/1.8/usr/lib/ruby/gems/1.8/gems/mongrel-1.1.5/lib/mongrel.rb:268:in `initialize'
/System/Library/Frameworks/Ruby.framework/Versions/1.8/usr/lib/ruby/gems/1.8/gems/mongrel-1.1.5/lib/mongrel.rb:268:in `new'
/System/Library/Frameworks/Ruby.framework/Versions/1.8/usr/lib/ruby/gems/1.8/gems/mongrel-1.1.5/lib/mongrel.rb:268:in `run'
/System/Library/Frameworks/Ruby.framework/Versions/1.8/usr/lib/ruby/gems/1.8/gems/mongrel-1.1.5/lib/mongrel/configurator.rb:282:in `run'
/System/Library/Frameworks/Ruby.framework/Versions/1.8/usr/lib/ruby/gems/1.8/gems/mongrel-1.1.5/lib/mongrel/configurator.rb:281:in `each'
/System/Library/Frameworks/Ruby.framework/Versions/1.8/usr/lib/ruby/gems/1.8/gems/mongrel-1.1.5/lib/mongrel/configurator.rb:281:in `run'
/System/Library/Frameworks/Ruby.framework/Versions/1.8/usr/lib/ruby/gems/1.8/gems/mongrel-1.1.5/bin/mongrel_rails:128:in `run'
/System/Library/Frameworks/Ruby.framework/Versions/1.8/usr/lib/ruby/gems/1.8/gems/mongrel-1.1.5/lib/mongrel/command.rb:212:in `run'
/System/Library/Frameworks/Ruby.framework/Versions/1.8/usr/lib/ruby/gems/1.8/gems/mongrel-1.1.5/bin/mongrel_rails:281
./script/../config/../vendor/rails/activesupport/lib/active_support/dependencies.rb:324:in `load'
./script/../config/../vendor/rails/activesupport/lib/active_support/dependencies.rb:324:in `load'
./script/../config/../vendor/rails/railties/lib/commands/servers/mongrel.rb:48
/Library/Ruby/Site/1.8/rubygems/custom_require.rb:31:in `gem_original_require'
/Library/Ruby/Site/1.8/rubygems/custom_require.rb:31:in `require'
./script/../config/../vendor/rails/activesupport/lib/active_support/dependencies.rb:331:in `require'
./script/../config/../vendor/rails/railties/lib/commands/server.rb:39
./script/server:3:in `require'
./script/server:3
